F:\MACHINEVISION_PROJECTS\PROJECT2_GROUP3\IMAGEMORPHING\IMAGEMORPHING\IMAGEMORPHING\X64\DEBUG\IMAGEMORPHING.OBJ
F:\MACHINEVISION_PROJECTS\PROJECT2_GROUP3\IMAGEMORPHING\IMAGEMORPHING\IMAGEMORPHING\X64\DEBUG\VC110.PDB
F:\MACHINEVISION_PROJECTS\PROJECT2_GROUP3\IMAGEMORPHING\IMAGEMORPHING\X64\DEBUG\IMAGEMORPHING.ILK
F:\MACHINEVISION_PROJECTS\PROJECT2_GROUP3\IMAGEMORPHING\IMAGEMORPHING\X64\DEBUG\IMAGEMORPHING.EXE
F:\MachineVision_Projects\Project2_Group3\ImageMorphing\ImageMorphing\ImageMorphing\x64\Debug\ImageMorphing.obj
F:\MachineVision_Projects\Project2_Group3\ImageMorphing\ImageMorphing\ImageMorphing\x64\Debug\cl.command.1.tlog
F:\MachineVision_Projects\Project2_Group3\ImageMorphing\ImageMorphing\ImageMorphing\x64\Debug\CL.read.1.tlog
F:\MachineVision_Projects\Project2_Group3\ImageMorphing\ImageMorphing\ImageMorphing\x64\Debug\CL.write.1.tlog
F:\MachineVision_Projects\Project2_Group3\ImageMorphing\ImageMorphing\ImageMorphing\x64\Debug\link-cvtres.read.1.tlog
F:\MachineVision_Projects\Project2_Group3\ImageMorphing\ImageMorphing\ImageMorphing\x64\Debug\link-cvtres.write.1.tlog
F:\MachineVision_Projects\Project2_Group3\ImageMorphing\ImageMorphing\ImageMorphing\x64\Debug\link-rc.read.1.tlog
F:\MachineVision_Projects\Project2_Group3\ImageMorphing\ImageMorphing\ImageMorphing\x64\Debug\link-rc.write.1.tlog
F:\MachineVision_Projects\Project2_Group3\ImageMorphing\ImageMorphing\ImageMorphing\x64\Debug\link.1032-cvtres.read.1.tlog
F:\MachineVision_Projects\Project2_Group3\ImageMorphing\ImageMorphing\ImageMorphing\x64\Debug\link.1032-cvtres.write.1.tlog
F:\MachineVision_Projects\Project2_Group3\ImageMorphing\ImageMorphing\ImageMorphing\x64\Debug\link.1032-rc.read.1.tlog
F:\MachineVision_Projects\Project2_Group3\ImageMorphing\ImageMorphing\ImageMorphing\x64\Debug\link.1032-rc.write.1.tlog
F:\MachineVision_Projects\Project2_Group3\ImageMorphing\ImageMorphing\ImageMorphing\x64\Debug\link.1032.read.1.tlog
F:\MachineVision_Projects\Project2_Group3\ImageMorphing\ImageMorphing\ImageMorphing\x64\Debug\link.1032.write.1.tlog
F:\MachineVision_Projects\Project2_Group3\ImageMorphing\ImageMorphing\ImageMorphing\x64\Debug\link.1140-cvtres.read.1.tlog
F:\MachineVision_Projects\Project2_Group3\ImageMorphing\ImageMorphing\ImageMorphing\x64\Debug\link.1140-cvtres.write.1.tlog
F:\MachineVision_Projects\Project2_Group3\ImageMorphing\ImageMorphing\ImageMorphing\x64\Debug\link.1140-rc.read.1.tlog
F:\MachineVision_Projects\Project2_Group3\ImageMorphing\ImageMorphing\ImageMorphing\x64\Debug\link.1140-rc.write.1.tlog
F:\MachineVision_Projects\Project2_Group3\ImageMorphing\ImageMorphing\ImageMorphing\x64\Debug\link.1140.read.1.tlog
F:\MachineVision_Projects\Project2_Group3\ImageMorphing\ImageMorphing\ImageMorphing\x64\Debug\link.1140.write.1.tlog
F:\MachineVision_Projects\Project2_Group3\ImageMorphing\ImageMorphing\ImageMorphing\x64\Debug\link.1288-cvtres.read.1.tlog
F:\MachineVision_Projects\Project2_Group3\ImageMorphing\ImageMorphing\ImageMorphing\x64\Debug\link.1288-cvtres.write.1.tlog
F:\MachineVision_Projects\Project2_Group3\ImageMorphing\ImageMorphing\ImageMorphing\x64\Debug\link.1288-rc.read.1.tlog
F:\MachineVision_Projects\Project2_Group3\ImageMorphing\ImageMorphing\ImageMorphing\x64\Debug\link.1288-rc.write.1.tlog
F:\MachineVision_Projects\Project2_Group3\ImageMorphing\ImageMorphing\ImageMorphing\x64\Debug\link.1288.read.1.tlog
F:\MachineVision_Projects\Project2_Group3\ImageMorphing\ImageMorphing\ImageMorphing\x64\Debug\link.1288.write.1.tlog
F:\MachineVision_Projects\Project2_Group3\ImageMorphing\ImageMorphing\ImageMorphing\x64\Debug\link.1788-cvtres.read.1.tlog
F:\MachineVision_Projects\Project2_Group3\ImageMorphing\ImageMorphing\ImageMorphing\x64\Debug\link.1788-cvtres.write.1.tlog
F:\MachineVision_Projects\Project2_Group3\ImageMorphing\ImageMorphing\ImageMorphing\x64\Debug\link.1788-rc.read.1.tlog
F:\MachineVision_Projects\Project2_Group3\ImageMorphing\ImageMorphing\ImageMorphing\x64\Debug\link.1788-rc.write.1.tlog
F:\MachineVision_Projects\Project2_Group3\ImageMorphing\ImageMorphing\ImageMorphing\x64\Debug\link.1788.read.1.tlog
F:\MachineVision_Projects\Project2_Group3\ImageMorphing\ImageMorphing\ImageMorphing\x64\Debug\link.1788.write.1.tlog
F:\MachineVision_Projects\Project2_Group3\ImageMorphing\ImageMorphing\ImageMorphing\x64\Debug\link.2316-cvtres.read.1.tlog
F:\MachineVision_Projects\Project2_Group3\ImageMorphing\ImageMorphing\ImageMorphing\x64\Debug\link.2316-cvtres.write.1.tlog
F:\MachineVision_Projects\Project2_Group3\ImageMorphing\ImageMorphing\ImageMorphing\x64\Debug\link.2316-rc.read.1.tlog
F:\MachineVision_Projects\Project2_Group3\ImageMorphing\ImageMorphing\ImageMorphing\x64\Debug\link.2316-rc.write.1.tlog
F:\MachineVision_Projects\Project2_Group3\ImageMorphing\ImageMorphing\ImageMorphing\x64\Debug\link.2316.read.1.tlog
F:\MachineVision_Projects\Project2_Group3\ImageMorphing\ImageMorphing\ImageMorphing\x64\Debug\link.2316.write.1.tlog
F:\MachineVision_Projects\Project2_Group3\ImageMorphing\ImageMorphing\ImageMorphing\x64\Debug\link.6752-cvtres.read.1.tlog
F:\MachineVision_Projects\Project2_Group3\ImageMorphing\ImageMorphing\ImageMorphing\x64\Debug\link.6752-cvtres.write.1.tlog
F:\MachineVision_Projects\Project2_Group3\ImageMorphing\ImageMorphing\ImageMorphing\x64\Debug\link.6752-rc.read.1.tlog
F:\MachineVision_Projects\Project2_Group3\ImageMorphing\ImageMorphing\ImageMorphing\x64\Debug\link.6752-rc.write.1.tlog
F:\MachineVision_Projects\Project2_Group3\ImageMorphing\ImageMorphing\ImageMorphing\x64\Debug\link.6752.read.1.tlog
F:\MachineVision_Projects\Project2_Group3\ImageMorphing\ImageMorphing\ImageMorphing\x64\Debug\link.6752.write.1.tlog
F:\MachineVision_Projects\Project2_Group3\ImageMorphing\ImageMorphing\ImageMorphing\x64\Debug\link.6960-cvtres.read.1.tlog
F:\MachineVision_Projects\Project2_Group3\ImageMorphing\ImageMorphing\ImageMorphing\x64\Debug\link.6960-cvtres.write.1.tlog
F:\MachineVision_Projects\Project2_Group3\ImageMorphing\ImageMorphing\ImageMorphing\x64\Debug\link.6960-rc.read.1.tlog
F:\MachineVision_Projects\Project2_Group3\ImageMorphing\ImageMorphing\ImageMorphing\x64\Debug\link.6960-rc.write.1.tlog
F:\MachineVision_Projects\Project2_Group3\ImageMorphing\ImageMorphing\ImageMorphing\x64\Debug\link.6960.read.1.tlog
F:\MachineVision_Projects\Project2_Group3\ImageMorphing\ImageMorphing\ImageMorphing\x64\Debug\link.6960.write.1.tlog
F:\MachineVision_Projects\Project2_Group3\ImageMorphing\ImageMorphing\ImageMorphing\x64\Debug\link.7316-cvtres.read.1.tlog
F:\MachineVision_Projects\Project2_Group3\ImageMorphing\ImageMorphing\ImageMorphing\x64\Debug\link.7316-cvtres.write.1.tlog
F:\MachineVision_Projects\Project2_Group3\ImageMorphing\ImageMorphing\ImageMorphing\x64\Debug\link.7316-rc.read.1.tlog
F:\MachineVision_Projects\Project2_Group3\ImageMorphing\ImageMorphing\ImageMorphing\x64\Debug\link.7316-rc.write.1.tlog
F:\MachineVision_Projects\Project2_Group3\ImageMorphing\ImageMorphing\ImageMorphing\x64\Debug\link.7316.read.1.tlog
F:\MachineVision_Projects\Project2_Group3\ImageMorphing\ImageMorphing\ImageMorphing\x64\Debug\link.7316.write.1.tlog
F:\MachineVision_Projects\Project2_Group3\ImageMorphing\ImageMorphing\ImageMorphing\x64\Debug\link.command.1.tlog
F:\MachineVision_Projects\Project2_Group3\ImageMorphing\ImageMorphing\ImageMorphing\x64\Debug\link.read.1.tlog
F:\MachineVision_Projects\Project2_Group3\ImageMorphing\ImageMorphing\ImageMorphing\x64\Debug\link.write.1.tlog
F:\MachineVision_Projects\Project2_Group3\ImageMorphing\ImageMorphing\ImageMorphing\x64\Debug\vc110.idb
F:\MachineVision_Projects\Project2_Group3\ImageMorphing\ImageMorphing\ImageMorphing\x64\Debug\vc110.pdb
F:\MachineVision_Projects\Project2_Group3\ImageMorphing\ImageMorphing\x64\Debug\ImageMorphing.exe
F:\MachineVision_Projects\Project2_Group3\ImageMorphing\ImageMorphing\x64\Debug\ImageMorphing.ilk
